# JRE version: OpenJDK Runtime Environment (8.0_152-b06) (build 1.8.0_152-release-1136-b06)
# Java VM: OpenJDK 64-Bit Server VM (25.152-b06 mixed mode windows-amd64 compressed oops)
Heap:
 PSYoungGen      total 108544K, used 74783K [0x00000000e0000000, 0x00000000e7e80000, 0x0000000100000000)
  eden space 99840K, 66% used [0x00000000e0000000,0x00000000e40e2b68,0x00000000e6180000)
  from space 8704K, 95% used [0x00000000e7600000,0x00000000e7e25170,0x00000000e7e80000)
  to   space 11776K, 0% used [0x00000000e6780000,0x00000000e6780000,0x00000000e7300000)
 ParOldGen       total 97280K, used 17525K [0x00000000a0000000, 0x00000000a5f00000, 0x00000000e0000000)
  object space 97280K, 18% used [0x00000000a0000000,0x00000000a111d548,0x00000000a5f00000)
 Metaspace       used 46567K, capacity 47664K, committed 48088K, reserved 1091584K
  class space    used 6221K, capacity 6570K, committed 6656K, reserved 1048576K
GC Heap History (10 events):
Event: 4.840 GC heap before
{Heap before GC invocations=8 (full 1):
 PSYoungGen      total 56832K, used 56483K [0x00000000e0000000, 0x00000000e4f80000, 0x0000000100000000)
  eden space 51712K, 100% used [0x00000000e0000000,0x00000000e3280000,0x00000000e3280000)
  from space 5120K, 93% used [0x00000000e4a80000,0x00000000e4f28f48,0x00000000e4f80000)
  to   space 10752K, 0% used [0x00000000e3a80000,0x00000000e3a80000,0x00000000e4500000)
 ParOldGen       total 62464K, used 9332K [0x00000000a0000000, 0x00000000a3d00000, 0x00000000e0000000)
  object space 62464K, 14% used [0x00000000a0000000,0x00000000a091d150,0x00000000a3d00000)
 Metaspace       used 29159K, capacity 29726K, committed 30080K, reserved 1075200K
  class space    used 3963K, capacity 4163K, committed 4224K, reserved 1048576K
Event: 4.847 GC heap after
Heap after GC invocations=8 (full 1):
 PSYoungGen      total 70656K, used 7318K [0x00000000e0000000, 0x00000000e6400000, 0x0000000100000000)
  eden space 59904K, 0% used [0x00000000e0000000,0x00000000e0000000,0x00000000e3a80000)
  from space 10752K, 68% used [0x00000000e3a80000,0x00000000e41a5a50,0x00000000e4500000)
  to   space 10752K, 0% used [0x00000000e5980000,0x00000000e5980000,0x00000000e6400000)
 ParOldGen       total 62464K, used 9340K [0x00000000a0000000, 0x00000000a3d00000, 0x00000000e0000000)
  object space 62464K, 14% used [0x00000000a0000000,0x00000000a091f150,0x00000000a3d00000)
 Metaspace       used 29159K, capacity 29726K, committed 30080K, reserved 1075200K
  class space    used 3963K, capacity 4163K, committed 4224K, reserved 1048576K
}
Event: 5.596 GC heap before
{Heap before GC invocations=9 (full 1):
 PSYoungGen      total 70656K, used 67222K [0x00000000e0000000, 0x00000000e6400000, 0x0000000100000000)
  eden space 59904K, 100% used [0x00000000e0000000,0x00000000e3a80000,0x00000000e3a80000)
  from space 10752K, 68% used [0x00000000e3a80000,0x00000000e41a5a50,0x00000000e4500000)
  to   space 10752K, 0% used [0x00000000e5980000,0x00000000e5980000,0x00000000e6400000)
 ParOldGen       total 62464K, used 9340K [0x00000000a0000000, 0x00000000a3d00000, 0x00000000e0000000)
  object space 62464K, 14% used [0x00000000a0000000,0x00000000a091f150,0x00000000a3d00000)
 Metaspace       used 32848K, capacity 33574K, committed 33664K, reserved 1079296K
  class space    used 4482K, capacity 4721K, committed 4736K, reserved 1048576K
Event: 5.608 GC heap after
Heap after GC invocations=9 (full 1):
 PSYoungGen      total 90624K, used 10483K [0x00000000e0000000, 0x00000000e7300000, 0x0000000100000000)
  eden space 79872K, 0% used [0x00000000e0000000,0x00000000e0000000,0x00000000e4e00000)
  from space 10752K, 97% used [0x00000000e5980000,0x00000000e63bcdd8,0x00000000e6400000)
  to   space 11776K, 0% used [0x00000000e4e00000,0x00000000e4e00000,0x00000000e5980000)
 ParOldGen       total 62464K, used 9348K [0x00000000a0000000, 0x00000000a3d00000, 0x00000000e0000000)
  object space 62464K, 14% used [0x00000000a0000000,0x00000000a0921150,0x00000000a3d00000)
 Metaspace       used 32848K, capacity 33574K, committed 33664K, reserved 1079296K
  class space    used 4482K, capacity 4721K, committed 4736K, reserved 1048576K
}
Event: 6.440 GC heap before
{Heap before GC invocations=10 (full 1):
 PSYoungGen      total 90624K, used 45163K [0x00000000e0000000, 0x00000000e7300000, 0x0000000100000000)
  eden space 79872K, 43% used [0x00000000e0000000,0x00000000e21de188,0x00000000e4e00000)
  from space 10752K, 97% used [0x00000000e5980000,0x00000000e63bcdd8,0x00000000e6400000)
  to   space 11776K, 0% used [0x00000000e4e00000,0x00000000e4e00000,0x00000000e5980000)
 ParOldGen       total 62464K, used 9348K [0x00000000a0000000, 0x00000000a3d00000, 0x00000000e0000000)
  object space 62464K, 14% used [0x00000000a0000000,0x00000000a0921150,0x00000000a3d00000)
 Metaspace       used 34530K, capacity 35354K, committed 35416K, reserved 1079296K
  class space    used 4734K, capacity 4992K, committed 4992K, reserved 1048576K
Event: 6.459 GC heap after
Heap after GC invocations=10 (full 1):
 PSYoungGen      total 91648K, used 8501K [0x00000000e0000000, 0x00000000e8180000, 0x0000000100000000)
  eden space 79872K, 0% used [0x00000000e0000000,0x00000000e0000000,0x00000000e4e00000)
  from space 11776K, 72% used [0x00000000e4e00000,0x00000000e564d500,0x00000000e5980000)
  to   space 11776K, 0% used [0x00000000e7600000,0x00000000e7600000,0x00000000e8180000)
 ParOldGen       total 62464K, used 11972K [0x00000000a0000000, 0x00000000a3d00000, 0x00000000e0000000)
  object space 62464K, 19% used [0x00000000a0000000,0x00000000a0bb1190,0x00000000a3d00000)
 Metaspace       used 34530K, capacity 35354K, committed 35416K, reserved 1079296K
  class space    used 4734K, capacity 4992K, committed 4992K, reserved 1048576K
}
Event: 6.459 GC heap before
{Heap before GC invocations=11 (full 2):
 PSYoungGen      total 91648K, used 8501K [0x00000000e0000000, 0x00000000e8180000, 0x0000000100000000)
  eden space 79872K, 0% used [0x00000000e0000000,0x00000000e0000000,0x00000000e4e00000)
  from space 11776K, 72% used [0x00000000e4e00000,0x00000000e564d500,0x00000000e5980000)
  to   space 11776K, 0% used [0x00000000e7600000,0x00000000e7600000,0x00000000e8180000)
 ParOldGen       total 62464K, used 11972K [0x00000000a0000000, 0x00000000a3d00000, 0x00000000e0000000)
  object space 62464K, 19% used [0x00000000a0000000,0x00000000a0bb1190,0x00000000a3d00000)
 Metaspace       used 34530K, capacity 35354K, committed 35416K, reserved 1079296K
  class space    used 4734K, capacity 4992K, committed 4992K, reserved 1048576K
Event: 6.557 GC heap after
Heap after GC invocations=11 (full 2):
 PSYoungGen      total 91648K, used 0K [0x00000000e0000000, 0x00000000e8180000, 0x0000000100000000)
  eden space 79872K, 0% used [0x00000000e0000000,0x00000000e0000000,0x00000000e4e00000)
  from space 11776K, 0% used [0x00000000e4e00000,0x00000000e4e00000,0x00000000e5980000)
  to   space 11776K, 0% used [0x00000000e7600000,0x00000000e7600000,0x00000000e8180000)
 ParOldGen       total 97280K, used 17517K [0x00000000a0000000, 0x00000000a5f00000, 0x00000000e0000000)
  object space 97280K, 18% used [0x00000000a0000000,0x00000000a111b548,0x00000000a5f00000)
 Metaspace       used 34479K, capacity 35222K, committed 35416K, reserved 1079296K
  class space    used 4720K, capacity 4948K, committed 4992K, reserved 1048576K
}
Event: 7.616 GC heap before
{Heap before GC invocations=12 (full 2):
 PSYoungGen      total 91648K, used 79872K [0x00000000e0000000, 0x00000000e8180000, 0x0000000100000000)
  eden space 79872K, 100% used [0x00000000e0000000,0x00000000e4e00000,0x00000000e4e00000)
  from space 11776K, 0% used [0x00000000e4e00000,0x00000000e4e00000,0x00000000e5980000)
  to   space 11776K, 0% used [0x00000000e7600000,0x00000000e7600000,0x00000000e8180000)
 ParOldGen       total 97280K, used 17517K [0x00000000a0000000, 0x00000000a5f00000, 0x00000000e0000000)
  object space 97280K, 18% used [0x00000000a0000000,0x00000000a111b548,0x00000000a5f00000)
 Metaspace       used 42543K, capacity 43418K, committed 43608K, reserved 1087488K
  class space    used 5717K, capacity 6000K, committed 6016K, reserved 1048576K
Event: 7.628 GC heap after
Heap after GC invocations=12 (full 2):
 PSYoungGen      total 108544K, used 8340K [0x00000000e0000000, 0x00000000e7e80000, 0x0000000100000000)
  eden space 99840K, 0% used [0x00000000e0000000,0x00000000e0000000,0x00000000e6180000)
  from space 8704K, 95% used [0x00000000e7600000,0x00000000e7e25170,0x00000000e7e80000)
  to   space 11776K, 0% used [0x00000000e6780000,0x00000000e6780000,0x00000000e7300000)
 ParOldGen       total 97280K, used 17525K [0x00000000a0000000, 0x00000000a5f00000, 0x00000000e0000000)
  object space 97280K, 18% used [0x00000000a0000000,0x00000000a111d548,0x00000000a5f00000)
 Metaspace       used 42543K, capacity 43418K, committed 43608K, reserved 1087488K
  class space    used 5717K, capacity 6000K, committed 6016K, reserved 1048576K
}

