# JRE version: OpenJDK Runtime Environment (8.0_152-b06) (build 1.8.0_152-release-1136-b06)
# Java VM: OpenJDK 64-Bit Server VM (25.152-b06 mixed mode windows-amd64 compressed oops)
Heap:
 PSYoungGen      total 356352K, used 111119K [0x00000000e0000000, 0x00000000f8f80000, 0x0000000100000000)
  eden space 317440K, 24% used [0x00000000e0000000,0x00000000e4b0bf80,0x00000000f3600000)
  from space 38912K, 88% used [0x00000000f5f80000,0x00000000f80f8010,0x00000000f8580000)
  to   space 42496K, 0% used [0x00000000f3600000,0x00000000f3600000,0x00000000f5f80000)
 ParOldGen       total 163840K, used 60100K [0x00000000a0000000, 0x00000000aa000000, 0x00000000e0000000)
  object space 163840K, 36% used [0x00000000a0000000,0x00000000a3ab11d8,0x00000000aa000000)
 Metaspace       used 84952K, capacity 88254K, committed 88408K, reserved 1126400K
  class space    used 10822K, capacity 11547K, committed 11608K, reserved 1048576K
GC Heap History (10 events):
Event: 559.473 GC heap before
{Heap before GC invocations=19 (full 3):
 PSYoungGen      total 249344K, used 242097K [0x00000000e0000000, 0x00000000f2800000, 0x0000000100000000)
  eden space 225792K, 100% used [0x00000000e0000000,0x00000000edc80000,0x00000000edc80000)
  from space 23552K, 69% used [0x00000000edc80000,0x00000000eec6c7c0,0x00000000ef380000)
  to   space 24064K, 0% used [0x00000000f1080000,0x00000000f1080000,0x00000000f2800000)
 ParOldGen       total 163840K, used 46282K [0x00000000a0000000, 0x00000000aa000000, 0x00000000e0000000)
  object space 163840K, 28% used [0x00000000a0000000,0x00000000a2d329f8,0x00000000aa000000)
 Metaspace       used 84124K, capacity 87326K, committed 87640K, reserved 1126400K
  class space    used 10799K, capacity 11511K, committed 11608K, reserved 1048576K
Event: 559.515 GC heap after
Heap after GC invocations=19 (full 3):
 PSYoungGen      total 271872K, used 24033K [0x00000000e0000000, 0x00000000f3a00000, 0x0000000100000000)
  eden space 247808K, 0% used [0x00000000e0000000,0x00000000e0000000,0x00000000ef200000)
  from space 24064K, 99% used [0x00000000f1080000,0x00000000f27f8670,0x00000000f2800000)
  to   space 31232K, 0% used [0x00000000ef200000,0x00000000ef200000,0x00000000f1080000)
 ParOldGen       total 163840K, used 57201K [0x00000000a0000000, 0x00000000aa000000, 0x00000000e0000000)
  object space 163840K, 34% used [0x00000000a0000000,0x00000000a37dc508,0x00000000aa000000)
 Metaspace       used 84124K, capacity 87326K, committed 87640K, reserved 1126400K
  class space    used 10799K, capacity 11511K, committed 11608K, reserved 1048576K
}
Event: 560.477 GC heap before
{Heap before GC invocations=20 (full 3):
 PSYoungGen      total 271872K, used 271841K [0x00000000e0000000, 0x00000000f3a00000, 0x0000000100000000)
  eden space 247808K, 100% used [0x00000000e0000000,0x00000000ef200000,0x00000000ef200000)
  from space 24064K, 99% used [0x00000000f1080000,0x00000000f27f8670,0x00000000f2800000)
  to   space 31232K, 0% used [0x00000000ef200000,0x00000000ef200000,0x00000000f1080000)
 ParOldGen       total 163840K, used 57201K [0x00000000a0000000, 0x00000000aa000000, 0x00000000e0000000)
  object space 163840K, 34% used [0x00000000a0000000,0x00000000a37dc508,0x00000000aa000000)
 Metaspace       used 84553K, capacity 87880K, committed 88152K, reserved 1126400K
  class space    used 10813K, capacity 11546K, committed 11608K, reserved 1048576K
Event: 560.510 GC heap after
Heap after GC invocations=20 (full 3):
 PSYoungGen      total 279040K, used 25186K [0x00000000e0000000, 0x00000000f5180000, 0x0000000100000000)
  eden space 247808K, 0% used [0x00000000e0000000,0x00000000e0000000,0x00000000ef200000)
  from space 31232K, 80% used [0x00000000ef200000,0x00000000f0a98ae8,0x00000000f1080000)
  to   space 33792K, 0% used [0x00000000f3080000,0x00000000f3080000,0x00000000f5180000)
 ParOldGen       total 163840K, used 60076K [0x00000000a0000000, 0x00000000aa000000, 0x00000000e0000000)
  object space 163840K, 36% used [0x00000000a0000000,0x00000000a3aab1d8,0x00000000aa000000)
 Metaspace       used 84553K, capacity 87880K, committed 88152K, reserved 1126400K
  class space    used 10813K, capacity 11546K, committed 11608K, reserved 1048576K
}
Event: 561.290 GC heap before
{Heap before GC invocations=21 (full 3):
 PSYoungGen      total 279040K, used 272994K [0x00000000e0000000, 0x00000000f5180000, 0x0000000100000000)
  eden space 247808K, 100% used [0x00000000e0000000,0x00000000ef200000,0x00000000ef200000)
  from space 31232K, 80% used [0x00000000ef200000,0x00000000f0a98ae8,0x00000000f1080000)
  to   space 33792K, 0% used [0x00000000f3080000,0x00000000f3080000,0x00000000f5180000)
 ParOldGen       total 163840K, used 60076K [0x00000000a0000000, 0x00000000aa000000, 0x00000000e0000000)
  object space 163840K, 36% used [0x00000000a0000000,0x00000000a3aab1d8,0x00000000aa000000)
 Metaspace       used 84665K, capacity 87948K, committed 88152K, reserved 1126400K
  class space    used 10817K, capacity 11546K, committed 11608K, reserved 1048576K
Event: 561.334 GC heap after
Heap after GC invocations=21 (full 3):
 PSYoungGen      total 309760K, used 26024K [0x00000000e0000000, 0x00000000f5e00000, 0x0000000100000000)
  eden space 275968K, 0% used [0x00000000e0000000,0x00000000e0000000,0x00000000f0d80000)
  from space 33792K, 77% used [0x00000000f3080000,0x00000000f49ea0a8,0x00000000f5180000)
  to   space 35840K, 0% used [0x00000000f0d80000,0x00000000f0d80000,0x00000000f3080000)
 ParOldGen       total 163840K, used 60084K [0x00000000a0000000, 0x00000000aa000000, 0x00000000e0000000)
  object space 163840K, 36% used [0x00000000a0000000,0x00000000a3aad1d8,0x00000000aa000000)
 Metaspace       used 84665K, capacity 87948K, committed 88152K, reserved 1126400K
  class space    used 10817K, capacity 11546K, committed 11608K, reserved 1048576K
}
Event: 562.279 GC heap before
{Heap before GC invocations=22 (full 3):
 PSYoungGen      total 309760K, used 301992K [0x00000000e0000000, 0x00000000f5e00000, 0x0000000100000000)
  eden space 275968K, 100% used [0x00000000e0000000,0x00000000f0d80000,0x00000000f0d80000)
  from space 33792K, 77% used [0x00000000f3080000,0x00000000f49ea0a8,0x00000000f5180000)
  to   space 35840K, 0% used [0x00000000f0d80000,0x00000000f0d80000,0x00000000f3080000)
 ParOldGen       total 163840K, used 60084K [0x00000000a0000000, 0x00000000aa000000, 0x00000000e0000000)
  object space 163840K, 36% used [0x00000000a0000000,0x00000000a3aad1d8,0x00000000aa000000)
 Metaspace       used 84862K, capacity 88172K, committed 88408K, reserved 1126400K
  class space    used 10821K, capacity 11546K, committed 11608K, reserved 1048576K
Event: 562.312 GC heap after
Heap after GC invocations=22 (full 3):
 PSYoungGen      total 311808K, used 29720K [0x00000000e0000000, 0x00000000f8580000, 0x0000000100000000)
  eden space 275968K, 0% used [0x00000000e0000000,0x00000000e0000000,0x00000000f0d80000)
  from space 35840K, 82% used [0x00000000f0d80000,0x00000000f2a860b0,0x00000000f3080000)
  to   space 38912K, 0% used [0x00000000f5f80000,0x00000000f5f80000,0x00000000f8580000)
 ParOldGen       total 163840K, used 60092K [0x00000000a0000000, 0x00000000aa000000, 0x00000000e0000000)
  object space 163840K, 36% used [0x00000000a0000000,0x00000000a3aaf1d8,0x00000000aa000000)
 Metaspace       used 84862K, capacity 88172K, committed 88408K, reserved 1126400K
  class space    used 10821K, capacity 11546K, committed 11608K, reserved 1048576K
}
Event: 563.130 GC heap before
{Heap before GC invocations=23 (full 3):
 PSYoungGen      total 311808K, used 305688K [0x00000000e0000000, 0x00000000f8580000, 0x0000000100000000)
  eden space 275968K, 100% used [0x00000000e0000000,0x00000000f0d80000,0x00000000f0d80000)
  from space 35840K, 82% used [0x00000000f0d80000,0x00000000f2a860b0,0x00000000f3080000)
  to   space 38912K, 0% used [0x00000000f5f80000,0x00000000f5f80000,0x00000000f8580000)
 ParOldGen       total 163840K, used 60092K [0x00000000a0000000, 0x00000000aa000000, 0x00000000e0000000)
  object space 163840K, 36% used [0x00000000a0000000,0x00000000a3aaf1d8,0x00000000aa000000)
 Metaspace       used 84948K, capacity 88254K, committed 88408K, reserved 1126400K
  class space    used 10822K, capacity 11547K, committed 11608K, reserved 1048576K
Event: 563.167 GC heap after
Heap after GC invocations=23 (full 3):
 PSYoungGen      total 356352K, used 34272K [0x00000000e0000000, 0x00000000f8f80000, 0x0000000100000000)
  eden space 317440K, 0% used [0x00000000e0000000,0x00000000e0000000,0x00000000f3600000)
  from space 38912K, 88% used [0x00000000f5f80000,0x00000000f80f8010,0x00000000f8580000)
  to   space 42496K, 0% used [0x00000000f3600000,0x00000000f3600000,0x00000000f5f80000)
 ParOldGen       total 163840K, used 60100K [0x00000000a0000000, 0x00000000aa000000, 0x00000000e0000000)
  object space 163840K, 36% used [0x00000000a0000000,0x00000000a3ab11d8,0x00000000aa000000)
 Metaspace       used 84948K, capacity 88254K, committed 88408K, reserved 1126400K
  class space    used 10822K, capacity 11547K, committed 11608K, reserved 1048576K
}

