# JRE version: OpenJDK Runtime Environment (8.0_152-b06) (build 1.8.0_152-release-1136-b06)
# Java VM: OpenJDK 64-Bit Server VM (25.152-b06 mixed mode windows-amd64 compressed oops)
Heap:
 PSYoungGen      total 422400K, used 143047K [0x00000000e0000000, 0x00000000fe000000, 0x0000000100000000)
  eden space 385024K, 37% used [0x00000000e0000000,0x00000000e8bb1fd0,0x00000000f7800000)
  from space 37376K, 0% used [0x00000000f7800000,0x00000000f7800000,0x00000000f9c80000)
  to   space 39936K, 0% used [0x00000000fb900000,0x00000000fb900000,0x00000000fe000000)
 ParOldGen       total 147968K, used 69063K [0x00000000a0000000, 0x00000000a9080000, 0x00000000e0000000)
  object space 147968K, 46% used [0x00000000a0000000,0x00000000a4371c98,0x00000000a9080000)
 Metaspace       used 93539K, capacity 98390K, committed 99788K, reserved 1136640K
  class space    used 11731K, capacity 12806K, committed 13056K, reserved 1048576K
GC Heap History (10 events):
Event: 1902.941 GC heap before
{Heap before GC invocations=27 (full 3):
 PSYoungGen      total 351744K, used 350751K [0x00000000e0000000, 0x00000000fb400000, 0x0000000100000000)
  eden space 314880K, 99% used [0x00000000e0000000,0x00000000f32890a8,0x00000000f3380000)
  from space 36864K, 99% used [0x00000000f3380000,0x00000000f577ed18,0x00000000f5780000)
  to   space 41984K, 0% used [0x00000000f8b00000,0x00000000f8b00000,0x00000000fb400000)
 ParOldGen       total 147968K, used 71181K [0x00000000a0000000, 0x00000000a9080000, 0x00000000e0000000)
  object space 147968K, 48% used [0x00000000a0000000,0x00000000a4583660,0x00000000a9080000)
 Metaspace       used 88913K, capacity 92778K, committed 93016K, reserved 1130496K
  class space    used 11262K, capacity 12087K, committed 12160K, reserved 1048576K
Event: 1902.970 GC heap after
Heap after GC invocations=27 (full 3):
 PSYoungGen      total 395264K, used 18047K [0x00000000e0000000, 0x00000000fae00000, 0x0000000100000000)
  eden space 359424K, 0% used [0x00000000e0000000,0x00000000e0000000,0x00000000f5f00000)
  from space 35840K, 50% used [0x00000000f8b00000,0x00000000f9c9ff50,0x00000000fae00000)
  to   space 40448K, 0% used [0x00000000f5f00000,0x00000000f5f00000,0x00000000f8680000)
 ParOldGen       total 147968K, used 79288K [0x00000000a0000000, 0x00000000a9080000, 0x00000000e0000000)
  object space 147968K, 53% used [0x00000000a0000000,0x00000000a4d6e388,0x00000000a9080000)
 Metaspace       used 88913K, capacity 92778K, committed 93016K, reserved 1130496K
  class space    used 11262K, capacity 12087K, committed 12160K, reserved 1048576K
}
Event: 2351.901 GC heap before
{Heap before GC invocations=28 (full 3):
 PSYoungGen      total 395264K, used 377471K [0x00000000e0000000, 0x00000000fae00000, 0x0000000100000000)
  eden space 359424K, 100% used [0x00000000e0000000,0x00000000f5f00000,0x00000000f5f00000)
  from space 35840K, 50% used [0x00000000f8b00000,0x00000000f9c9ff50,0x00000000fae00000)
  to   space 40448K, 0% used [0x00000000f5f00000,0x00000000f5f00000,0x00000000f8680000)
 ParOldGen       total 147968K, used 79288K [0x00000000a0000000, 0x00000000a9080000, 0x00000000e0000000)
  object space 147968K, 53% used [0x00000000a0000000,0x00000000a4d6e388,0x00000000a9080000)
 Metaspace       used 90189K, capacity 94398K, committed 94552K, reserved 1132544K
  class space    used 11436K, capacity 12355K, committed 12416K, reserved 1048576K
Event: 2351.930 GC heap after
Heap after GC invocations=28 (full 3):
 PSYoungGen      total 399872K, used 18215K [0x00000000e0000000, 0x00000000fca00000, 0x0000000100000000)
  eden space 359424K, 0% used [0x00000000e0000000,0x00000000e0000000,0x00000000f5f00000)
  from space 40448K, 45% used [0x00000000f5f00000,0x00000000f70c9ee0,0x00000000f8680000)
  to   space 38912K, 0% used [0x00000000fa400000,0x00000000fa400000,0x00000000fca00000)
 ParOldGen       total 147968K, used 79296K [0x00000000a0000000, 0x00000000a9080000, 0x00000000e0000000)
  object space 147968K, 53% used [0x00000000a0000000,0x00000000a4d70388,0x00000000a9080000)
 Metaspace       used 90189K, capacity 94398K, committed 94552K, reserved 1132544K
  class space    used 11436K, capacity 12355K, committed 12416K, reserved 1048576K
}
Event: 2537.931 GC heap before
{Heap before GC invocations=29 (full 3):
 PSYoungGen      total 399872K, used 377639K [0x00000000e0000000, 0x00000000fca00000, 0x0000000100000000)
  eden space 359424K, 100% used [0x00000000e0000000,0x00000000f5f00000,0x00000000f5f00000)
  from space 40448K, 45% used [0x00000000f5f00000,0x00000000f70c9ee0,0x00000000f8680000)
  to   space 38912K, 0% used [0x00000000fa400000,0x00000000fa400000,0x00000000fca00000)
 ParOldGen       total 147968K, used 79296K [0x00000000a0000000, 0x00000000a9080000, 0x00000000e0000000)
  object space 147968K, 53% used [0x00000000a0000000,0x00000000a4d70388,0x00000000a9080000)
 Metaspace       used 91728K, capacity 97002K, committed 97240K, reserved 1134592K
  class space    used 11604K, capacity 12752K, committed 12800K, reserved 1048576K
Event: 2537.956 GC heap after
Heap after GC invocations=29 (full 3):
 PSYoungGen      total 414720K, used 21175K [0x00000000e0000000, 0x00000000fc100000, 0x0000000100000000)
  eden space 385024K, 0% used [0x00000000e0000000,0x00000000e0000000,0x00000000f7800000)
  from space 29696K, 71% used [0x00000000fa400000,0x00000000fb8adc10,0x00000000fc100000)
  to   space 37376K, 0% used [0x00000000f7800000,0x00000000f7800000,0x00000000f9c80000)
 ParOldGen       total 147968K, used 79304K [0x00000000a0000000, 0x00000000a9080000, 0x00000000e0000000)
  object space 147968K, 53% used [0x00000000a0000000,0x00000000a4d72388,0x00000000a9080000)
 Metaspace       used 91728K, capacity 97002K, committed 97240K, reserved 1134592K
  class space    used 11604K, capacity 12752K, committed 12800K, reserved 1048576K
}
Event: 2542.146 GC heap before
{Heap before GC invocations=30 (full 3):
 PSYoungGen      total 414720K, used 200784K [0x00000000e0000000, 0x00000000fc100000, 0x0000000100000000)
  eden space 385024K, 46% used [0x00000000e0000000,0x00000000eaf667b8,0x00000000f7800000)
  from space 29696K, 71% used [0x00000000fa400000,0x00000000fb8adc10,0x00000000fc100000)
  to   space 37376K, 0% used [0x00000000f7800000,0x00000000f7800000,0x00000000f9c80000)
 ParOldGen       total 147968K, used 79304K [0x00000000a0000000, 0x00000000a9080000, 0x00000000e0000000)
  object space 147968K, 53% used [0x00000000a0000000,0x00000000a4d72388,0x00000000a9080000)
 Metaspace       used 93006K, capacity 98310K, committed 98380K, reserved 1134592K
  class space    used 11718K, capacity 12858K, committed 12928K, reserved 1048576K
Event: 2542.196 GC heap after
Heap after GC invocations=30 (full 3):
 PSYoungGen      total 422400K, used 31475K [0x00000000e0000000, 0x00000000fe000000, 0x0000000100000000)
  eden space 385024K, 0% used [0x00000000e0000000,0x00000000e0000000,0x00000000f7800000)
  from space 37376K, 84% used [0x00000000f7800000,0x00000000f96bcf88,0x00000000f9c80000)
  to   space 39936K, 0% used [0x00000000fb900000,0x00000000fb900000,0x00000000fe000000)
 ParOldGen       total 147968K, used 79304K [0x00000000a0000000, 0x00000000a9080000, 0x00000000e0000000)
  object space 147968K, 53% used [0x00000000a0000000,0x00000000a4d72388,0x00000000a9080000)
 Metaspace       used 93006K, capacity 98310K, committed 98380K, reserved 1134592K
  class space    used 11718K, capacity 12858K, committed 12928K, reserved 1048576K
}
Event: 2542.196 GC heap before
{Heap before GC invocations=31 (full 4):
 PSYoungGen      total 422400K, used 31475K [0x00000000e0000000, 0x00000000fe000000, 0x0000000100000000)
  eden space 385024K, 0% used [0x00000000e0000000,0x00000000e0000000,0x00000000f7800000)
  from space 37376K, 84% used [0x00000000f7800000,0x00000000f96bcf88,0x00000000f9c80000)
  to   space 39936K, 0% used [0x00000000fb900000,0x00000000fb900000,0x00000000fe000000)
 ParOldGen       total 147968K, used 79304K [0x00000000a0000000, 0x00000000a9080000, 0x00000000e0000000)
  object space 147968K, 53% used [0x00000000a0000000,0x00000000a4d72388,0x00000000a9080000)
 Metaspace       used 93006K, capacity 98310K, committed 98380K, reserved 1134592K
  class space    used 11718K, capacity 12858K, committed 12928K, reserved 1048576K
Event: 2542.517 GC heap after
Heap after GC invocations=31 (full 4):
 PSYoungGen      total 422400K, used 0K [0x00000000e0000000, 0x00000000fe000000, 0x0000000100000000)
  eden space 385024K, 0% used [0x00000000e0000000,0x00000000e0000000,0x00000000f7800000)
  from space 37376K, 0% used [0x00000000f7800000,0x00000000f7800000,0x00000000f9c80000)
  to   space 39936K, 0% used [0x00000000fb900000,0x00000000fb900000,0x00000000fe000000)
 ParOldGen       total 147968K, used 69063K [0x00000000a0000000, 0x00000000a9080000, 0x00000000e0000000)
  object space 147968K, 46% used [0x00000000a0000000,0x00000000a4371c98,0x00000000a9080000)
 Metaspace       used 92198K, capacity 96796K, committed 98380K, reserved 1134592K
  class space    used 11563K, capacity 12585K, committed 12928K, reserved 1048576K
}

